outputs/logs/manifest-merger-debug-report.txt
-- Merging decision tree log ---
manifest
ADDED from src\main\AndroidManifest.xml:2:1-50:12
INJECTED from src\main\AndroidManifest.xml:2:1-50:12
INJECTED from src\main\AndroidManifest.xml:2:1-50:12
INJECTED from src\main\AndroidManifest.xml:2:1-50:12
MERGED from [androidx.databinding:databinding-adapters:7.3.1] AndroidManifest.xml:2:1-9:12
MERGED from [androidx.databinding:databinding-ktx:7.3.1] AndroidManifest.xml:2:1-9:12
MERGED from [androidx.databinding:databinding-runtime:7.3.1] AndroidManifest.xml:2:1-9:12
MERGED from [androidx.databinding:viewbinding:7.3.1] AndroidManifest.xml:2:1-9:12
MERGED from [com.google.android.material:material:1.7.0] AndroidManifest.xml:17:1-26:12
MERGED from [androidx.constraintlayout:constraintlayout:2.1.4] AndroidManifest.xml:2:1-11:12
MERGED from [io.insert-koin:koin-androidx-viewmodel:2.1.6] AndroidManifest.xml:2:1-9:12
MERGED from [io.insert-koin:koin-androidx-scope:2.1.6] AndroidManifest.xml:2:1-9:12
MERGED from [com.github.mukeshsolanki:android-otpview-pinview:2.1.2] AndroidManifest.xml:2:1-11:12
MERGED from [com.airbnb.android:lottie:3.4.0] AndroidManifest.xml:2:1-11:12
MERGED from [io.github.chaosleung:pinview:1.4.4] AndroidManifest.xml:17:1-24:12
MERGED from [androidx.appcompat:appcompat-resources:1.5.1] AndroidManifest.xml:17:1-22:12
MERGED from [androidx.appcompat:appcompat:1.5.1] AndroidManifest.xml:17:1-22:12
MERGED from [androidx.fragment:fragment-ktx:1.5.5] AndroidManifest.xml:17:1-24:12
MERGED from [androidx.lifecycle:lifecycle-extensions:2.2.0] AndroidManifest.xml:17:1-27:12
MERGED from [androidx.legacy:legacy-support-v4:1.0.0] AndroidManifest.xml:17:1-22:12
MERGED from [com.github.bumptech.glide:glide:4.14.2] AndroidManifest.xml:2:1-11:12
MERGED from [androidx.viewpager2:viewpager2:1.0.0] AndroidManifest.xml:17:1-24:12
MERGED from [com.google.firebase:firebase-auth-ktx:21.2.0] AndroidManifest.xml:2:1-17:12
MERGED from [com.google.firebase:firebase-auth:21.2.0] AndroidManifest.xml:17:1-75:12
MERGED from [com.google.firebase:firebase-database:20.1.0] AndroidManifest.xml:15:1-37:12
MERGED from [com.google.firebase:firebase-storage:20.1.0] AndroidManifest.xml:15:1-38:12
MERGED from [com.google.firebase:firebase-appcheck-interop:16.1.0] AndroidManifest.xml:15:1-25:12
MERGED from [com.google.firebase:firebase-database-collection:18.0.1] AndroidManifest.xml:2:1-9:12
MERGED from [com.google.android.gms:play-services-auth-api-phone:17.4.0] AndroidManifest.xml:2:1-7:12
MERGED from [com.google.android.gms:play-services-safetynet:17.0.0] AndroidManifest.xml:17:1-24:12
MERGED from [com.google.android.gms:play-services-base:18.0.1] AndroidManifest.xml:16:1-24:12
MERGED from [com.google.firebase:firebase-common-ktx:20.3.0] AndroidManifest.xml:2:1-20:12
MERGED from [com.google.firebase:firebase-auth-interop:20.0.0] AndroidManifest.xml:2:1-10:12
MERGED from [com.google.firebase:firebase-common:20.3.0] AndroidManifest.xml:15:1-39:12
MERGED from [com.google.android.recaptcha:recaptcha:18.0.1] AndroidManifest.xml:2:1-9:12
MERGED from [com.google.android.play:integrity:1.0.1] AndroidManifest.xml:2:1-7:12
MERGED from [androidx.lifecycle:lifecycle-livedata-ktx:2.2.0] AndroidManifest.xml:17:1-24:12
MERGED from [androidx.lifecycle:lifecycle-runtime-ktx:2.5.1] AndroidManifest.xml:17:1-24:12
MERGED from [androidx.lifecycle:lifecycle-viewmodel-ktx:2.5.1] AndroidManifest.xml:17:1-24:12
MERGED from [androidx.dynamicanimation:dynamicanimation:1.0.0] AndroidManifest.xml:17:1-22:12
MERGED from [androidx.legacy:legacy-support-core-ui:1.0.0] AndroidManifest.xml:17:1-22:12
MERGED from [androidx.legacy:legacy-support-core-utils:1.0.0] AndroidManifest.xml:17:1-22:12
MERGED from [androidx.loader:loader:1.0.0] AndroidManifest.xml:17:1-22:12
MERGED from [androidx.lifecycle:lifecycle-viewmodel:2.5.1] AndroidManifest.xml:17:1-24:12
MERGED from [androidx.lifecycle:lifecycle-viewmodel-savedstate:2.5.1] AndroidManifest.xml:17:1-24:12
MERGED from [com.google.android.gms:play-services-tasks:18.0.2] AndroidManifest.xml:2:1-6:12
MERGED from [com.google.android.gms:play-services-basement:18.1.0] AndroidManifest.xml:16:1-26:12
MERGED from [androidx.fragment:fragment:1.5.5] AndroidManifest.xml:17:1-24:12
MERGED from [androidx.activity:activity:1.6.1] AndroidManifest.xml:17:1-22:12
MERGED from [androidx.activity:activity-ktx:1.6.1] AndroidManifest.xml:17:1-22:12
MERGED from [androidx.recyclerview:recyclerview-selection:1.1.0] AndroidManifest.xml:17:1-24:12
MERGED from [androidx.recyclerview:recyclerview:1.1.0] AndroidManifest.xml:17:1-24:12
MERGED from [androidx.emoji2:emoji2-views-helper:1.2.0] AndroidManifest.xml:2:1-7:12
MERGED from [androidx.emoji2:emoji2:1.2.0] AndroidManifest.xml:17:1-35:12
MERGED from [androidx.drawerlayout:drawerlayout:1.1.1] AndroidManifest.xml:17:1-24:12
MERGED from [androidx.coordinatorlayout:coordinatorlayout:1.1.0] AndroidManifest.xml:17:1-24:12
MERGED from [androidx.transition:transition:1.2.0] AndroidManifest.xml:17:1-24:12
MERGED from [androidx.vectordrawable:vectordrawable-animated:1.1.0] AndroidManifest.xml:17:1-24:12
MERGED from [androidx.vectordrawable:vectordrawable:1.1.0] AndroidManifest.xml:17:1-24:12
MERGED from [androidx.media:media:1.0.0] AndroidManifest.xml:17:1-22:12
MERGED from [androidx.viewpager:viewpager:1.0.0] AndroidManifest.xml:17:1-22:12
MERGED from [androidx.slidingpanelayout:slidingpanelayout:1.0.0] AndroidManifest.xml:17:1-22:12
MERGED from [androidx.customview:customview:1.1.0] AndroidManifest.xml:17:1-24:12
MERGED from [androidx.swiperefreshlayout:swiperefreshlayout:1.0.0] AndroidManifest.xml:17:1-22:12
MERGED from [androidx.asynclayoutinflater:asynclayoutinflater:1.0.0] AndroidManifest.xml:17:1-22:12
MERGED from [androidx.browser:browser:1.4.0] AndroidManifest.xml:17:1-24:12
MERGED from [androidx.core:core:1.9.0] AndroidManifest.xml:17:1-30:12
MERGED from [androidx.core:core-ktx:1.9.0] AndroidManifest.xml:2:1-7:12
MERGED from [io.insert-koin:koin-android:2.1.6] AndroidManifest.xml:2:1-7:12
MERGED from [androidx.savedstate:savedstate-ktx:1.2.0] AndroidManifest.xml:17:1-24:12
MERGED from [androidx.savedstate:savedstate:1.2.0] AndroidManifest.xml:17:1-24:12
MERGED from [androidx.lifecycle:lifecycle-livedata-core-ktx:2.5.1] AndroidManifest.xml:17:1-24:12
MERGED from [androidx.annotation:annotation-experimental:1.3.0] AndroidManifest.xml:17:1-22:12
MERGED from [androidx.security:security-crypto:1.0.0] AndroidManifest.xml:17:1-24:12
MERGED from [androidx.lifecycle:lifecycle-service:2.4.0] AndroidManifest.xml:17:1-24:12
MERGED from [androidx.lifecycle:lifecycle-process:2.4.1] AndroidManifest.xml:17:1-37:12
MERGED from [androidx.lifecycle:lifecycle-runtime:2.5.1] AndroidManifest.xml:17:1-24:12
MERGED from [androidx.cursoradapter:cursoradapter:1.0.0] AndroidManifest.xml:17:1-22:12
MERGED from [androidx.lifecycle:lifecycle-livedata:2.4.0] AndroidManifest.xml:17:1-24:12
MERGED from [androidx.lifecycle:lifecycle-livedata-core:2.5.1] AndroidManifest.xml:17:1-24:12
MERGED from [androidx.arch.core:core-runtime:2.1.0] AndroidManifest.xml:17:1-24:12
MERGED from [androidx.cardview:cardview:1.0.0] AndroidManifest.xml:17:1-22:12
MERGED from [com.github.bumptech.glide:gifdecoder:4.14.2] AndroidManifest.xml:2:1-11:12
MERGED from [androidx.exifinterface:exifinterface:1.3.3] AndroidManifest.xml:17:1-24:12
MERGED from [androidx.startup:startup-runtime:1.1.1] AndroidManifest.xml:17:1-33:12
MERGED from [androidx.tracing:tracing:1.0.0] AndroidManifest.xml:17:1-24:12
MERGED from [androidx.versionedparcelable:versionedparcelable:1.1.1] AndroidManifest.xml:17:1-27:12
MERGED from [androidx.documentfile:documentfile:1.0.0] AndroidManifest.xml:17:1-22:12
MERGED from [androidx.localbroadcastmanager:localbroadcastmanager:1.0.0] AndroidManifest.xml:17:1-22:12
MERGED from [androidx.print:print:1.0.0] AndroidManifest.xml:17:1-22:12
MERGED from [androidx.interpolator:interpolator:1.0.0] AndroidManifest.xml:17:1-22:12
MERGED from [com.google.firebase:firebase-components:17.1.0] AndroidManifest.xml:15:1-22:12
INJECTED from src\main\AndroidManifest.xml:2:1-50:12
INJECTED from src\main\AndroidManifest.xml:2:1-50:12
INJECTED from src\main\AndroidManifest.xml:2:1-50:12
	package
		ADDED from src\main\AndroidManifest.xml:2:11-45
		INJECTED from src\main\AndroidManifest.xml
		INJECTED from src\main\AndroidManifest.xml
	android:versionName
		INJECTED from src\main\AndroidManifest.xml
		ADDED from src\main\AndroidManifest.xml:2:1-50:12
		INJECTED from src\main\AndroidManifest.xml
	android:versionCode
		INJECTED from src\main\AndroidManifest.xml
		ADDED from src\main\AndroidManifest.xml:2:1-50:12
		INJECTED from src\main\AndroidManifest.xml
	xmlns:android
		ADDED from src\main\AndroidManifest.xml:2:46-104
uses-permission#android.permission.INTERNET
ADDED from src\main\AndroidManifest.xml:3:5-66
MERGED from [com.google.firebase:firebase-auth:21.2.0] AndroidManifest.xml:25:5-67
MERGED from [com.google.firebase:firebase-auth:21.2.0] AndroidManifest.xml:25:5-67
MERGED from [com.google.firebase:firebase-database:20.1.0] AndroidManifest.xml:25:5-67
MERGED from [com.google.firebase:firebase-database:20.1.0] AndroidManifest.xml:25:5-67
MERGED from [com.google.firebase:firebase-storage:20.1.0] AndroidManifest.xml:26:5-67
MERGED from [com.google.firebase:firebase-storage:20.1.0] AndroidManifest.xml:26:5-67
	android:name
		ADDED from src\main\AndroidManifest.xml:3:22-64
uses-permission#android.permission.ACCESS_NETWORK_STATE
ADDED from src\main\AndroidManifest.xml:4:5-78
MERGED from [com.google.firebase:firebase-auth:21.2.0] AndroidManifest.xml:26:5-79
MERGED from [com.google.firebase:firebase-auth:21.2.0] AndroidManifest.xml:26:5-79
MERGED from [com.google.firebase:firebase-database:20.1.0] AndroidManifest.xml:24:5-79
MERGED from [com.google.firebase:firebase-database:20.1.0] AndroidManifest.xml:24:5-79
MERGED from [com.google.firebase:firebase-storage:20.1.0] AndroidManifest.xml:25:5-79
MERGED from [com.google.firebase:firebase-storage:20.1.0] AndroidManifest.xml:25:5-79
	android:name
		ADDED from src\main\AndroidManifest.xml:4:22-76
application
ADDED from src\main\AndroidManifest.xml:5:5-49:19
MERGED from [com.google.android.material:material:1.7.0] AndroidManifest.xml:24:5-20
MERGED from [com.google.android.material:material:1.7.0] AndroidManifest.xml:24:5-20
MERGED from [androidx.constraintlayout:constraintlayout:2.1.4] AndroidManifest.xml:9:5-20
MERGED from [androidx.constraintlayout:constraintlayout:2.1.4] AndroidManifest.xml:9:5-20
MERGED from [io.insert-koin:koin-androidx-viewmodel:2.1.6] AndroidManifest.xml:7:5-20
MERGED from [io.insert-koin:koin-androidx-viewmodel:2.1.6] AndroidManifest.xml:7:5-20
MERGED from [io.insert-koin:koin-androidx-scope:2.1.6] AndroidManifest.xml:7:5-20
MERGED from [io.insert-koin:koin-androidx-scope:2.1.6] AndroidManifest.xml:7:5-20
MERGED from [com.airbnb.android:lottie:3.4.0] AndroidManifest.xml:9:5-20
MERGED from [com.airbnb.android:lottie:3.4.0] AndroidManifest.xml:9:5-20
MERGED from [androidx.lifecycle:lifecycle-extensions:2.2.0] AndroidManifest.xml:24:5-25:19
MERGED from [androidx.lifecycle:lifecycle-extensions:2.2.0] AndroidManifest.xml:24:5-25:19
MERGED from [com.github.bumptech.glide:glide:4.14.2] AndroidManifest.xml:9:5-20
MERGED from [com.github.bumptech.glide:glide:4.14.2] AndroidManifest.xml:9:5-20
MERGED from [com.google.firebase:firebase-auth-ktx:21.2.0] AndroidManifest.xml:7:5-15:19
MERGED from [com.google.firebase:firebase-auth-ktx:21.2.0] AndroidManifest.xml:7:5-15:19
MERGED from [com.google.firebase:firebase-auth:21.2.0] AndroidManifest.xml:28:5-73:19
MERGED from [com.google.firebase:firebase-auth:21.2.0] AndroidManifest.xml:28:5-73:19
MERGED from [com.google.firebase:firebase-database:20.1.0] AndroidManifest.xml:27:5-35:19
MERGED from [com.google.firebase:firebase-database:20.1.0] AndroidManifest.xml:27:5-35:19
MERGED from [com.google.firebase:firebase-storage:20.1.0] AndroidManifest.xml:28:5-36:19
MERGED from [com.google.firebase:firebase-storage:20.1.0] AndroidManifest.xml:28:5-36:19
MERGED from [com.google.firebase:firebase-appcheck-interop:16.1.0] AndroidManifest.xml:23:5-20
MERGED from [com.google.firebase:firebase-appcheck-interop:16.1.0] AndroidManifest.xml:23:5-20
MERGED from [com.google.android.gms:play-services-safetynet:17.0.0] AndroidManifest.xml:22:5-20
MERGED from [com.google.android.gms:play-services-safetynet:17.0.0] AndroidManifest.xml:22:5-20
MERGED from [com.google.android.gms:play-services-base:18.0.1] AndroidManifest.xml:19:5-23:19
MERGED from [com.google.android.gms:play-services-base:18.0.1] AndroidManifest.xml:19:5-23:19
MERGED from [com.google.firebase:firebase-common-ktx:20.3.0] AndroidManifest.xml:10:5-18:19
MERGED from [com.google.firebase:firebase-common-ktx:20.3.0] AndroidManifest.xml:10:5-18:19
MERGED from [com.google.firebase:firebase-auth-interop:20.0.0] AndroidManifest.xml:7:5-8:19
MERGED from [com.google.firebase:firebase-auth-interop:20.0.0] AndroidManifest.xml:7:5-8:19
MERGED from [com.google.firebase:firebase-common:20.3.0] AndroidManifest.xml:24:5-37:19
MERGED from [com.google.firebase:firebase-common:20.3.0] AndroidManifest.xml:24:5-37:19
MERGED from [com.google.android.recaptcha:recaptcha:18.0.1] AndroidManifest.xml:7:5-20
MERGED from [com.google.android.recaptcha:recaptcha:18.0.1] AndroidManifest.xml:7:5-20
MERGED from [com.google.android.play:integrity:1.0.1] AndroidManifest.xml:5:5-6:19
MERGED from [com.google.android.play:integrity:1.0.1] AndroidManifest.xml:5:5-6:19
MERGED from [com.google.android.gms:play-services-tasks:18.0.2] AndroidManifest.xml:5:5-20
MERGED from [com.google.android.gms:play-services-tasks:18.0.2] AndroidManifest.xml:5:5-20
MERGED from [com.google.android.gms:play-services-basement:18.1.0] AndroidManifest.xml:20:5-24:19
MERGED from [com.google.android.gms:play-services-basement:18.1.0] AndroidManifest.xml:20:5-24:19
MERGED from [androidx.emoji2:emoji2:1.2.0] AndroidManifest.xml:23:5-33:19
MERGED from [androidx.emoji2:emoji2:1.2.0] AndroidManifest.xml:23:5-33:19
MERGED from [androidx.core:core:1.9.0] AndroidManifest.xml:28:5-89
MERGED from [androidx.core:core:1.9.0] AndroidManifest.xml:28:5-89
MERGED from [androidx.lifecycle:lifecycle-process:2.4.1] AndroidManifest.xml:25:5-35:19
MERGED from [androidx.lifecycle:lifecycle-process:2.4.1] AndroidManifest.xml:25:5-35:19
MERGED from [com.github.bumptech.glide:gifdecoder:4.14.2] AndroidManifest.xml:9:5-20
MERGED from [com.github.bumptech.glide:gifdecoder:4.14.2] AndroidManifest.xml:9:5-20
MERGED from [androidx.startup:startup-runtime:1.1.1] AndroidManifest.xml:25:5-31:19
MERGED from [androidx.startup:startup-runtime:1.1.1] AndroidManifest.xml:25:5-31:19
MERGED from [androidx.versionedparcelable:versionedparcelable:1.1.1] AndroidManifest.xml:24:5-25:19
MERGED from [androidx.versionedparcelable:versionedparcelable:1.1.1] AndroidManifest.xml:24:5-25:19
	android:appComponentFactory
		ADDED from [androidx.core:core:1.9.0] AndroidManifest.xml:28:18-86
	android:supportsRtl
		ADDED from src\main\AndroidManifest.xml:10:9-35
	android:label
		ADDED from src\main\AndroidManifest.xml:7:9-41
	android:roundIcon
		ADDED from src\main\AndroidManifest.xml:9:9-54
	android:largeHeap
		ADDED from src\main\AndroidManifest.xml:7:42-66
	android:icon
		ADDED from src\main\AndroidManifest.xml:6:9-43
	android:allowBackup
		ADDED from src\main\AndroidManifest.xml:5:18-45
	android:theme
		ADDED from src\main\AndroidManifest.xml:10:36-70
	android:usesCleartextTraffic
		ADDED from src\main\AndroidManifest.xml:10:71-106
	android:name
		ADDED from src\main\AndroidManifest.xml:8:9-71
activity#com.kindsapplication.app.modules.requesrproof.ui.RequesrProofActivity
ADDED from src\main\AndroidManifest.xml:11:9-12:136
	android:screenOrientation
		ADDED from src\main\AndroidManifest.xml:12:98-134
	android:name
		ADDED from src\main\AndroidManifest.xml:12:13-97
activity#com.kindsapplication.app.modules.notification.ui.NotificationActivity
ADDED from src\main\AndroidManifest.xml:13:9-14:136
	android:screenOrientation
		ADDED from src\main\AndroidManifest.xml:14:98-134
	android:name
		ADDED from src\main\AndroidManifest.xml:14:13-97
activity#com.kindsapplication.app.modules.requestblood.ui.RequestBloodActivity
ADDED from src\main\AndroidManifest.xml:15:9-18:20
	android:screenOrientation
		ADDED from src\main\AndroidManifest.xml:16:98-134
	android:name
		ADDED from src\main\AndroidManifest.xml:16:13-97
activity#com.kindsapplication.app.modules.adminhome.ui.AdminHomeActivity
ADDED from src\main\AndroidManifest.xml:19:9-20:130
	android:screenOrientation
		ADDED from src\main\AndroidManifest.xml:20:92-128
	android:name
		ADDED from src\main\AndroidManifest.xml:20:13-91
activity#com.kindsapplication.app.modules.userdetails.ui.UserDetailsActivity
ADDED from src\main\AndroidManifest.xml:21:9-24:20
	android:screenOrientation
		ADDED from src\main\AndroidManifest.xml:22:96-132
	android:name
		ADDED from src\main\AndroidManifest.xml:22:13-95
activity#com.kindsapplication.app.modules.adminblooddetails.ui.AdminBloodDetailsActivity
ADDED from src\main\AndroidManifest.xml:25:9-26:146
	android:screenOrientation
		ADDED from src\main\AndroidManifest.xml:26:108-144
	android:name
		ADDED from src\main\AndroidManifest.xml:26:13-107
activity#com.kindsapplication.app.modules.donateblood.ui.DonateBloodActivity
ADDED from src\main\AndroidManifest.xml:27:9-28:134
	android:screenOrientation
		ADDED from src\main\AndroidManifest.xml:28:96-132
	android:name
		ADDED from src\main\AndroidManifest.xml:28:13-95
activity#com.kindsapplication.app.modules.register.ui.RegisterActivity
ADDED from src\main\AndroidManifest.xml:29:9-32:20
	android:screenOrientation
		ADDED from src\main\AndroidManifest.xml:30:90-126
	android:name
		ADDED from src\main\AndroidManifest.xml:30:13-89
activity#com.kindsapplication.app.modules.profile.ui.ProfileActivity
ADDED from src\main\AndroidManifest.xml:33:9-34:126
	android:screenOrientation
		ADDED from src\main\AndroidManifest.xml:34:88-124
	android:name
		ADDED from src\main\AndroidManifest.xml:34:13-87
activity#com.kindsapplication.app.modules.donatedetails.ui.DonateDetailsActivity
ADDED from src\main\AndroidManifest.xml:35:9-36:138
	android:screenOrientation
		ADDED from src\main\AndroidManifest.xml:36:100-136
	android:name
		ADDED from src\main\AndroidManifest.xml:36:13-99
activity#com.kindsapplication.app.modules.home.ui.HomeActivity
ADDED from src\main\AndroidManifest.xml:37:9-38:120
	android:screenOrientation
		ADDED from src\main\AndroidManifest.xml:38:82-118
	android:name
		ADDED from src\main\AndroidManifest.xml:38:13-81
activity#com.kindsapplication.app.modules.login.ui.LoginActivity
ADDED from src\main\AndroidManifest.xml:40:9-46:20
	android:screenOrientation
		ADDED from src\main\AndroidManifest.xml:41:84-120
	android:exported
		ADDED from src\main\AndroidManifest.xml:40:19-42
	android:name
		ADDED from src\main\AndroidManifest.xml:41:13-83
intent-filter#action:name:android.intent.action.MAIN+category:name:android.intent.category.LAUNCHER
ADDED from src\main\AndroidManifest.xml:42:13-45:29
action#android.intent.action.MAIN
ADDED from src\main\AndroidManifest.xml:43:17-68
	android:name
		ADDED from src\main\AndroidManifest.xml:43:25-66
category#android.intent.category.LAUNCHER
ADDED from src\main\AndroidManifest.xml:44:17-76
	android:name
		ADDED from src\main\AndroidManifest.xml:44:27-74
activity#com.kindsapplication.app.modules.notidetails.ui.NotiDetailsActivity
ADDED from src\main\AndroidManifest.xml:47:9-48:134
	android:screenOrientation
		ADDED from src\main\AndroidManifest.xml:48:96-132
	android:name
		ADDED from src\main\AndroidManifest.xml:48:13-95
uses-sdk
INJECTED from src\main\AndroidManifest.xml reason: use-sdk injection requested
INJECTED from src\main\AndroidManifest.xml
INJECTED from src\main\AndroidManifest.xml
MERGED from [androidx.databinding:databinding-adapters:7.3.1] AndroidManifest.xml:5:5-7:41
MERGED from [androidx.databinding:databinding-adapters:7.3.1] AndroidManifest.xml:5:5-7:41
MERGED from [androidx.databinding:databinding-ktx:7.3.1] AndroidManifest.xml:5:5-7:41
MERGED from [androidx.databinding:databinding-ktx:7.3.1] AndroidManifest.xml:5:5-7:41
MERGED from [androidx.databinding:databinding-runtime:7.3.1] AndroidManifest.xml:5:5-7:41
MERGED from [androidx.databinding:databinding-runtime:7.3.1] AndroidManifest.xml:5:5-7:41
MERGED from [androidx.databinding:viewbinding:7.3.1] AndroidManifest.xml:5:5-7:41
MERGED from [androidx.databinding:viewbinding:7.3.1] AndroidManifest.xml:5:5-7:41
MERGED from [com.google.android.material:material:1.7.0] AndroidManifest.xml:20:5-22:41
MERGED from [com.google.android.material:material:1.7.0] AndroidManifest.xml:20:5-22:41
MERGED from [androidx.constraintlayout:constraintlayout:2.1.4] AndroidManifest.xml:5:5-7:41
MERGED from [androidx.constraintlayout:constraintlayout:2.1.4] AndroidManifest.xml:5:5-7:41
MERGED from [io.insert-koin:koin-androidx-viewmodel:2.1.6] AndroidManifest.xml:5:5-44
MERGED from [io.insert-koin:koin-androidx-viewmodel:2.1.6] AndroidManifest.xml:5:5-44
MERGED from [io.insert-koin:koin-androidx-scope:2.1.6] AndroidManifest.xml:5:5-44
MERGED from [io.insert-koin:koin-androidx-scope:2.1.6] AndroidManifest.xml:5:5-44
MERGED from [com.github.mukeshsolanki:android-otpview-pinview:2.1.2] AndroidManifest.xml:7:5-9:41
MERGED from [com.github.mukeshsolanki:android-otpview-pinview:2.1.2] AndroidManifest.xml:7:5-9:41
MERGED from [com.airbnb.android:lottie:3.4.0] AndroidManifest.xml:5:5-7:41
MERGED from [com.airbnb.android:lottie:3.4.0] AndroidManifest.xml:5:5-7:41
MERGED from [io.github.chaosleung:pinview:1.4.4] AndroidManifest.xml:20:5-22:41
MERGED from [io.github.chaosleung:pinview:1.4.4] AndroidManifest.xml:20:5-22:41
MERGED from [androidx.appcompat:appcompat-resources:1.5.1] AndroidManifest.xml:20:5-44
MERGED from [androidx.appcompat:appcompat-resources:1.5.1] AndroidManifest.xml:20:5-44
MERGED from [androidx.appcompat:appcompat:1.5.1] AndroidManifest.xml:20:5-44
MERGED from [androidx.appcompat:appcompat:1.5.1] AndroidManifest.xml:20:5-44
MERGED from [androidx.fragment:fragment-ktx:1.5.5] AndroidManifest.xml:20:5-22:41
MERGED from [androidx.fragment:fragment-ktx:1.5.5] AndroidManifest.xml:20:5-22:41
MERGED from [androidx.lifecycle:lifecycle-extensions:2.2.0] AndroidManifest.xml:20:5-22:41
MERGED from [androidx.lifecycle:lifecycle-extensions:2.2.0] AndroidManifest.xml:20:5-22:41
MERGED from [androidx.legacy:legacy-support-v4:1.0.0] AndroidManifest.xml:20:5-44
MERGED from [androidx.legacy:legacy-support-v4:1.0.0] AndroidManifest.xml:20:5-44
MERGED from [com.github.bumptech.glide:glide:4.14.2] AndroidManifest.xml:5:5-7:41
MERGED from [com.github.bumptech.glide:glide:4.14.2] AndroidManifest.xml:5:5-7:41
MERGED from [androidx.viewpager2:viewpager2:1.0.0] AndroidManifest.xml:20:5-22:41
MERGED from [androidx.viewpager2:viewpager2:1.0.0] AndroidManifest.xml:20:5-22:41
MERGED from [com.google.firebase:firebase-auth-ktx:21.2.0] AndroidManifest.xml:5:5-44
MERGED from [com.google.firebase:firebase-auth-ktx:21.2.0] AndroidManifest.xml:5:5-44
MERGED from [com.google.firebase:firebase-auth:21.2.0] AndroidManifest.xml:21:5-23:64
MERGED from [com.google.firebase:firebase-auth:21.2.0] AndroidManifest.xml:21:5-23:64
MERGED from [com.google.firebase:firebase-database:20.1.0] AndroidManifest.xml:18:5-20:41
MERGED from [com.google.firebase:firebase-database:20.1.0] AndroidManifest.xml:18:5-20:41
MERGED from [com.google.firebase:firebase-storage:20.1.0] AndroidManifest.xml:19:5-21:41
MERGED from [com.google.firebase:firebase-storage:20.1.0] AndroidManifest.xml:19:5-21:41
MERGED from [com.google.firebase:firebase-appcheck-interop:16.1.0] AndroidManifest.xml:18:5-20:41
MERGED from [com.google.firebase:firebase-appcheck-interop:16.1.0] AndroidManifest.xml:18:5-20:41
MERGED from [com.google.firebase:firebase-database-collection:18.0.1] AndroidManifest.xml:5:5-7:41
MERGED from [com.google.firebase:firebase-database-collection:18.0.1] AndroidManifest.xml:5:5-7:41
MERGED from [com.google.android.gms:play-services-auth-api-phone:17.4.0] AndroidManifest.xml:5:5-44
MERGED from [com.google.android.gms:play-services-auth-api-phone:17.4.0] AndroidManifest.xml:5:5-44
MERGED from [com.google.android.gms:play-services-safetynet:17.0.0] AndroidManifest.xml:20:5-44
MERGED from [com.google.android.gms:play-services-safetynet:17.0.0] AndroidManifest.xml:20:5-44
MERGED from [com.google.android.gms:play-services-base:18.0.1] AndroidManifest.xml:18:5-43
MERGED from [com.google.android.gms:play-services-base:18.0.1] AndroidManifest.xml:18:5-43
MERGED from [com.google.firebase:firebase-common-ktx:20.3.0] AndroidManifest.xml:5:5-7:41
MERGED from [com.google.firebase:firebase-common-ktx:20.3.0] AndroidManifest.xml:5:5-7:41
MERGED from [com.google.firebase:firebase-auth-interop:20.0.0] AndroidManifest.xml:5:5-44
MERGED from [com.google.firebase:firebase-auth-interop:20.0.0] AndroidManifest.xml:5:5-44
MERGED from [com.google.firebase:firebase-common:20.3.0] AndroidManifest.xml:19:5-21:41
MERGED from [com.google.firebase:firebase-common:20.3.0] AndroidManifest.xml:19:5-21:41
MERGED from [com.google.android.recaptcha:recaptcha:18.0.1] AndroidManifest.xml:5:5-44
MERGED from [com.google.android.recaptcha:recaptcha:18.0.1] AndroidManifest.xml:5:5-44
MERGED from [com.google.android.play:integrity:1.0.1] AndroidManifest.xml:4:5-44
MERGED from [com.google.android.play:integrity:1.0.1] AndroidManifest.xml:4:5-44
MERGED from [androidx.lifecycle:lifecycle-livedata-ktx:2.2.0] AndroidManifest.xml:20:5-22:41
MERGED from [androidx.lifecycle:lifecycle-livedata-ktx:2.2.0] AndroidManifest.xml:20:5-22:41
MERGED from [androidx.lifecycle:lifecycle-runtime-ktx:2.5.1] AndroidManifest.xml:20:5-22:41
MERGED from [androidx.lifecycle:lifecycle-runtime-ktx:2.5.1] AndroidManifest.xml:20:5-22:41
MERGED from [androidx.lifecycle:lifecycle-viewmodel-ktx:2.5.1] AndroidManifest.xml:20:5-22:41
MERGED from [androidx.lifecycle:lifecycle-viewmodel-ktx:2.5.1] AndroidManifest.xml:20:5-22:41
MERGED from [androidx.dynamicanimation:dynamicanimation:1.0.0] AndroidManifest.xml:20:5-44
MERGED from [androidx.dynamicanimation:dynamicanimation:1.0.0] AndroidManifest.xml:20:5-44
MERGED from [androidx.legacy:legacy-support-core-ui:1.0.0] AndroidManifest.xml:20:5-44
MERGED from [androidx.legacy:legacy-support-core-ui:1.0.0] AndroidManifest.xml:20:5-44
MERGED from [androidx.legacy:legacy-support-core-utils:1.0.0] AndroidManifest.xml:20:5-44
MERGED from [androidx.legacy:legacy-support-core-utils:1.0.0] AndroidManifest.xml:20:5-44
MERGED from [androidx.loader:loader:1.0.0] AndroidManifest.xml:20:5-44
MERGED from [androidx.loader:loader:1.0.0] AndroidManifest.xml:20:5-44
MERGED from [androidx.lifecycle:lifecycle-viewmodel:2.5.1] AndroidManifest.xml:20:5-22:41
MERGED from [androidx.lifecycle:lifecycle-viewmodel:2.5.1] AndroidManifest.xml:20:5-22:41
MERGED from [androidx.lifecycle:lifecycle-viewmodel-savedstate:2.5.1] AndroidManifest.xml:20:5-22:41
MERGED from [androidx.lifecycle:lifecycle-viewmodel-savedstate:2.5.1] AndroidManifest.xml:20:5-22:41
MERGED from [com.google.android.gms:play-services-tasks:18.0.2] AndroidManifest.xml:4:5-43
MERGED from [com.google.android.gms:play-services-tasks:18.0.2] AndroidManifest.xml:4:5-43
MERGED from [com.google.android.gms:play-services-basement:18.1.0] AndroidManifest.xml:18:5-43
MERGED from [com.google.android.gms:play-services-basement:18.1.0] AndroidManifest.xml:18:5-43
MERGED from [androidx.fragment:fragment:1.5.5] AndroidManifest.xml:20:5-22:41
MERGED from [androidx.fragment:fragment:1.5.5] AndroidManifest.xml:20:5-22:41
MERGED from [androidx.activity:activity:1.6.1] AndroidManifest.xml:20:5-44
MERGED from [androidx.activity:activity:1.6.1] AndroidManifest.xml:20:5-44
MERGED from [androidx.activity:activity-ktx:1.6.1] AndroidManifest.xml:20:5-44
MERGED from [androidx.activity:activity-ktx:1.6.1] AndroidManifest.xml:20:5-44
MERGED from [androidx.recyclerview:recyclerview-selection:1.1.0] AndroidManifest.xml:20:5-22:41
MERGED from [androidx.recyclerview:recyclerview-selection:1.1.0] AndroidManifest.xml:20:5-22:41
MERGED from [androidx.recyclerview:recyclerview:1.1.0] AndroidManifest.xml:20:5-22:41
MERGED from [androidx.recyclerview:recyclerview:1.1.0] AndroidManifest.xml:20:5-22:41
MERGED from [androidx.emoji2:emoji2-views-helper:1.2.0] AndroidManifest.xml:5:5-44
MERGED from [androidx.emoji2:emoji2-views-helper:1.2.0] AndroidManifest.xml:5:5-44
MERGED from [androidx.emoji2:emoji2:1.2.0] AndroidManifest.xml:21:5-44
MERGED from [androidx.emoji2:emoji2:1.2.0] AndroidManifest.xml:21:5-44
MERGED from [androidx.drawerlayout:drawerlayout:1.1.1] AndroidManifest.xml:20:5-22:41
MERGED from [androidx.drawerlayout:drawerlayout:1.1.1] AndroidManifest.xml:20:5-22:41
MERGED from [androidx.coordinatorlayout:coordinatorlayout:1.1.0] AndroidManifest.xml:20:5-22:41
MERGED from [androidx.coordinatorlayout:coordinatorlayout:1.1.0] AndroidManifest.xml:20:5-22:41
MERGED from [androidx.transition:transition:1.2.0] AndroidManifest.xml:20:5-22:41
MERGED from [androidx.transition:transition:1.2.0] AndroidManifest.xml:20:5-22:41
MERGED from [androidx.vectordrawable:vectordrawable-animated:1.1.0] AndroidManifest.xml:20:5-22:41
MERGED from [androidx.vectordrawable:vectordrawable-animated:1.1.0] AndroidManifest.xml:20:5-22:41
MERGED from [androidx.vectordrawable:vectordrawable:1.1.0] AndroidManifest.xml:20:5-22:41
MERGED from [androidx.vectordrawable:vectordrawable:1.1.0] AndroidManifest.xml:20:5-22:41
MERGED from [androidx.media:media:1.0.0] AndroidManifest.xml:20:5-44
MERGED from [androidx.media:media:1.0.0] AndroidManifest.xml:20:5-44
MERGED from [androidx.viewpager:viewpager:1.0.0] AndroidManifest.xml:20:5-44
MERGED from [androidx.viewpager:viewpager:1.0.0] AndroidManifest.xml:20:5-44
MERGED from [androidx.slidingpanelayout:slidingpanelayout:1.0.0] AndroidManifest.xml:20:5-44
MERGED from [androidx.slidingpanelayout:slidingpanelayout:1.0.0] AndroidManifest.xml:20:5-44
MERGED from [androidx.customview:customview:1.1.0] AndroidManifest.xml:20:5-22:41